# JRE version: OpenJDK Runtime Environment (17.0.7) (build 17.0.7+0-b2043.56-10550314)
# Java VM: OpenJDK 64-Bit Server VM (17.0.7+0-b2043.56-10550314, mixed mode, tiered, compressed oops, compressed class ptrs, g1 gc, windows-amd64)
GC Precious Log:
 CPUs: 12 total, 12 available
 Memory: 7521M
 Large Page Support: Disabled
 NUMA Support: Disabled
 Compressed Oops: Enabled (32-bit)
 Heap Region Size: 1M
 Heap Min Capacity: 8M
 Heap Initial Capacity: 118M
 Heap Max Capacity: 2G
 Pre-touch: Disabled
 Parallel Workers: 10
 Concurrent Workers: 3
 Concurrent Refinement Workers: 10
 Periodic GC: Disabled
Heap:
 garbage-first heap   total 409600K, used 152262K [0x0000000080000000, 0x0000000100000000)
  region size 1024K, 33 young (33792K), 24 survivors (24576K)
 Metaspace       used 114587K, committed 115392K, reserved 1179648K
  class space    used 15187K, committed 15616K, reserved 1048576K
GC Heap History (20 events):
Event: 15.570 GC heap before
{Heap before GC invocations=22 (full 0):
 garbage-first heap   total 171008K, used 142014K [0x0000000080000000, 0x0000000100000000)
  region size 1024K, 73 young (74752K), 10 survivors (10240K)
 Metaspace       used 94912K, committed 95552K, reserved 1179648K
  class space    used 12974K, committed 13248K, reserved 1048576K
}
Event: 15.578 GC heap after
{Heap after GC invocations=23 (full 0):
 garbage-first heap   total 171008K, used 83075K [0x0000000080000000, 0x0000000100000000)
  region size 1024K, 10 young (10240K), 10 survivors (10240K)
 Metaspace       used 94912K, committed 95552K, reserved 1179648K
  class space    used 12974K, committed 13248K, reserved 1048576K
}
Event: 16.370 GC heap before
{Heap before GC invocations=23 (full 0):
 garbage-first heap   total 171008K, used 136323K [0x0000000080000000, 0x0000000100000000)
  region size 1024K, 63 young (64512K), 10 survivors (10240K)
 Metaspace       used 96290K, committed 96960K, reserved 1179648K
  class space    used 13164K, committed 13440K, reserved 1048576K
}
Event: 16.381 GC heap after
{Heap after GC invocations=24 (full 0):
 garbage-first heap   total 171008K, used 88418K [0x0000000080000000, 0x0000000100000000)
  region size 1024K, 6 young (6144K), 6 survivors (6144K)
 Metaspace       used 96290K, committed 96960K, reserved 1179648K
  class space    used 13164K, committed 13440K, reserved 1048576K
}
Event: 17.318 GC heap before
{Heap before GC invocations=24 (full 0):
 garbage-first heap   total 171008K, used 136546K [0x0000000080000000, 0x0000000100000000)
  region size 1024K, 54 young (55296K), 6 survivors (6144K)
 Metaspace       used 99335K, committed 100096K, reserved 1179648K
  class space    used 13521K, committed 13888K, reserved 1048576K
}
Event: 17.325 GC heap after
{Heap after GC invocations=25 (full 0):
 garbage-first heap   total 171008K, used 92433K [0x0000000080000000, 0x0000000100000000)
  region size 1024K, 5 young (5120K), 5 survivors (5120K)
 Metaspace       used 99335K, committed 100096K, reserved 1179648K
  class space    used 13521K, committed 13888K, reserved 1048576K
}
Event: 18.363 GC heap before
{Heap before GC invocations=26 (full 0):
 garbage-first heap   total 171008K, used 146705K [0x0000000080000000, 0x0000000100000000)
  region size 1024K, 50 young (51200K), 5 survivors (5120K)
 Metaspace       used 99605K, committed 100352K, reserved 1179648K
  class space    used 13537K, committed 13888K, reserved 1048576K
}
Event: 18.374 GC heap after
{Heap after GC invocations=27 (full 0):
 garbage-first heap   total 174080K, used 114267K [0x0000000080000000, 0x0000000100000000)
  region size 1024K, 7 young (7168K), 7 survivors (7168K)
 Metaspace       used 99605K, committed 100352K, reserved 1179648K
  class space    used 13537K, committed 13888K, reserved 1048576K
}
Event: 18.381 GC heap before
{Heap before GC invocations=27 (full 0):
 garbage-first heap   total 174080K, used 115291K [0x0000000080000000, 0x0000000100000000)
  region size 1024K, 8 young (8192K), 7 survivors (7168K)
 Metaspace       used 99678K, committed 100352K, reserved 1179648K
  class space    used 13544K, committed 13888K, reserved 1048576K
}
Event: 18.385 GC heap after
{Heap after GC invocations=28 (full 0):
 garbage-first heap   total 174080K, used 115600K [0x0000000080000000, 0x0000000100000000)
  region size 1024K, 1 young (1024K), 1 survivors (1024K)
 Metaspace       used 99678K, committed 100352K, reserved 1179648K
  class space    used 13544K, committed 13888K, reserved 1048576K
}
Event: 18.725 GC heap before
{Heap before GC invocations=28 (full 0):
 garbage-first heap   total 174080K, used 147344K [0x0000000080000000, 0x0000000100000000)
  region size 1024K, 25 young (25600K), 1 survivors (1024K)
 Metaspace       used 100084K, committed 100800K, reserved 1179648K
  class space    used 13577K, committed 13952K, reserved 1048576K
}
Event: 18.729 GC heap after
{Heap after GC invocations=29 (full 0):
 garbage-first heap   total 174080K, used 117995K [0x0000000080000000, 0x0000000100000000)
  region size 1024K, 4 young (4096K), 4 survivors (4096K)
 Metaspace       used 100084K, committed 100800K, reserved 1179648K
  class space    used 13577K, committed 13952K, reserved 1048576K
}
Event: 19.109 GC heap before
{Heap before GC invocations=30 (full 0):
 garbage-first heap   total 204800K, used 139499K [0x0000000080000000, 0x0000000100000000)
  region size 1024K, 25 young (25600K), 4 survivors (4096K)
 Metaspace       used 102262K, committed 102976K, reserved 1179648K
  class space    used 13878K, committed 14272K, reserved 1048576K
}
Event: 19.114 GC heap after
{Heap after GC invocations=31 (full 0):
 garbage-first heap   total 204800K, used 119974K [0x0000000080000000, 0x0000000100000000)
  region size 1024K, 2 young (2048K), 2 survivors (2048K)
 Metaspace       used 102262K, committed 102976K, reserved 1179648K
  class space    used 13878K, committed 14272K, reserved 1048576K
}
Event: 19.248 GC heap before
{Heap before GC invocations=31 (full 0):
 garbage-first heap   total 204800K, used 127142K [0x0000000080000000, 0x0000000100000000)
  region size 1024K, 10 young (10240K), 2 survivors (2048K)
 Metaspace       used 102276K, committed 103040K, reserved 1179648K
  class space    used 13878K, committed 14272K, reserved 1048576K
}
Event: 19.254 GC heap after
{Heap after GC invocations=32 (full 0):
 garbage-first heap   total 409600K, used 119512K [0x0000000080000000, 0x0000000100000000)
  region size 1024K, 1 young (1024K), 1 survivors (1024K)
 Metaspace       used 102276K, committed 103040K, reserved 1179648K
  class space    used 13878K, committed 14272K, reserved 1048576K
}
Event: 19.994 GC heap before
{Heap before GC invocations=32 (full 0):
 garbage-first heap   total 409600K, used 283352K [0x0000000080000000, 0x0000000100000000)
  region size 1024K, 145 young (148480K), 1 survivors (1024K)
 Metaspace       used 106665K, committed 107392K, reserved 1179648K
  class space    used 14244K, committed 14592K, reserved 1048576K
}
Event: 20.002 GC heap after
{Heap after GC invocations=33 (full 0):
 garbage-first heap   total 409600K, used 128977K [0x0000000080000000, 0x0000000100000000)
  region size 1024K, 10 young (10240K), 10 survivors (10240K)
 Metaspace       used 106665K, committed 107392K, reserved 1179648K
  class space    used 14244K, committed 14592K, reserved 1048576K
}
Event: 22.310 GC heap before
{Heap before GC invocations=33 (full 0):
 garbage-first heap   total 409600K, used 295889K [0x0000000080000000, 0x0000000100000000)
  region size 1024K, 172 young (176128K), 10 survivors (10240K)
 Metaspace       used 110877K, committed 111680K, reserved 1179648K
  class space    used 14673K, committed 15040K, reserved 1048576K
}
Event: 22.318 GC heap after
{Heap after GC invocations=34 (full 0):
 garbage-first heap   total 409600K, used 127162K [0x0000000080000000, 0x0000000100000000)
  region size 1024K, 8 young (8192K), 8 survivors (8192K)
 Metaspace       used 110877K, committed 111680K, reserved 1179648K
  class space    used 14673K, committed 15040K, reserved 1048576K
}

