# JRE version: OpenJDK Runtime Environment (17.0.7) (build 17.0.7+0-b2043.56-10550314)
# Java VM: OpenJDK 64-Bit Server VM (17.0.7+0-b2043.56-10550314, mixed mode, tiered, compressed oops, compressed class ptrs, g1 gc, windows-amd64)
GC Precious Log:
 CPUs: 12 total, 12 available
 Memory: 7521M
 Large Page Support: Disabled
 NUMA Support: Disabled
 Compressed Oops: Enabled (32-bit)
 Heap Region Size: 1M
 Heap Min Capacity: 8M
 Heap Initial Capacity: 118M
 Heap Max Capacity: 2G
 Pre-touch: Disabled
 Parallel Workers: 10
 Concurrent Workers: 3
 Concurrent Refinement Workers: 10
 Periodic GC: Disabled
Heap:
 garbage-first heap   total 276480K, used 152194K [0x0000000080000000, 0x0000000100000000)
  region size 1024K, 11 young (11264K), 11 survivors (11264K)
 Metaspace       used 108330K, committed 109056K, reserved 1179648K
  class space    used 14937K, committed 15296K, reserved 1048576K
GC Heap History (20 events):
Event: 23.207 GC heap after
{Heap after GC invocations=59 (full 0):
 garbage-first heap   total 147456K, used 83880K [0x0000000080000000, 0x0000000100000000)
  region size 1024K, 3 young (3072K), 3 survivors (3072K)
 Metaspace       used 95005K, committed 95616K, reserved 1179648K
  class space    used 12963K, committed 13248K, reserved 1048576K
}
Event: 23.507 GC heap before
{Heap before GC invocations=59 (full 0):
 garbage-first heap   total 147456K, used 117672K [0x0000000080000000, 0x0000000100000000)
  region size 1024K, 37 young (37888K), 3 survivors (3072K)
 Metaspace       used 95811K, committed 96512K, reserved 1179648K
  class space    used 13110K, committed 13440K, reserved 1048576K
}
Event: 23.511 GC heap after
{Heap after GC invocations=60 (full 0):
 garbage-first heap   total 147456K, used 86318K [0x0000000080000000, 0x0000000100000000)
  region size 1024K, 5 young (5120K), 5 survivors (5120K)
 Metaspace       used 95811K, committed 96512K, reserved 1179648K
  class space    used 13110K, committed 13440K, reserved 1048576K
}
Event: 23.920 GC heap before
{Heap before GC invocations=61 (full 0):
 garbage-first heap   total 152576K, used 119086K [0x0000000080000000, 0x0000000100000000)
  region size 1024K, 38 young (38912K), 5 survivors (5120K)
 Metaspace       used 96193K, committed 96832K, reserved 1179648K
  class space    used 13150K, committed 13440K, reserved 1048576K
}
Event: 23.925 GC heap after
{Heap after GC invocations=62 (full 0):
 garbage-first heap   total 152576K, used 88775K [0x0000000080000000, 0x0000000100000000)
  region size 1024K, 3 young (3072K), 3 survivors (3072K)
 Metaspace       used 96193K, committed 96832K, reserved 1179648K
  class space    used 13150K, committed 13440K, reserved 1048576K
}
Event: 23.943 GC heap before
{Heap before GC invocations=62 (full 0):
 garbage-first heap   total 152576K, used 92871K [0x0000000080000000, 0x0000000100000000)
  region size 1024K, 7 young (7168K), 3 survivors (3072K)
 Metaspace       used 96221K, committed 96832K, reserved 1179648K
  class space    used 13150K, committed 13440K, reserved 1048576K
}
Event: 23.946 GC heap after
{Heap after GC invocations=63 (full 0):
 garbage-first heap   total 152576K, used 88911K [0x0000000080000000, 0x0000000100000000)
  region size 1024K, 1 young (1024K), 1 survivors (1024K)
 Metaspace       used 96221K, committed 96832K, reserved 1179648K
  class space    used 13150K, committed 13440K, reserved 1048576K
}
Event: 24.097 GC heap before
{Heap before GC invocations=63 (full 0):
 garbage-first heap   total 152576K, used 123727K [0x0000000080000000, 0x0000000100000000)
  region size 1024K, 36 young (36864K), 1 survivors (1024K)
 Metaspace       used 96435K, committed 97088K, reserved 1179648K
  class space    used 13152K, committed 13440K, reserved 1048576K
}
Event: 24.101 GC heap after
{Heap after GC invocations=64 (full 0):
 garbage-first heap   total 152576K, used 90960K [0x0000000080000000, 0x0000000100000000)
  region size 1024K, 3 young (3072K), 3 survivors (3072K)
 Metaspace       used 96435K, committed 97088K, reserved 1179648K
  class space    used 13152K, committed 13440K, reserved 1048576K
}
Event: 24.407 GC heap before
{Heap before GC invocations=65 (full 0):
 garbage-first heap   total 160768K, used 124752K [0x0000000080000000, 0x0000000100000000)
  region size 1024K, 37 young (37888K), 3 survivors (3072K)
 Metaspace       used 97925K, committed 98624K, reserved 1179648K
  class space    used 13359K, committed 13696K, reserved 1048576K
}
Event: 24.413 GC heap after
{Heap after GC invocations=66 (full 0):
 garbage-first heap   total 276480K, used 94338K [0x0000000080000000, 0x0000000100000000)
  region size 1024K, 5 young (5120K), 5 survivors (5120K)
 Metaspace       used 97925K, committed 98624K, reserved 1179648K
  class space    used 13359K, committed 13696K, reserved 1048576K
}
Event: 24.452 GC heap before
{Heap before GC invocations=66 (full 0):
 garbage-first heap   total 276480K, used 101506K [0x0000000080000000, 0x0000000100000000)
  region size 1024K, 13 young (13312K), 5 survivors (5120K)
 Metaspace       used 98137K, committed 98816K, reserved 1179648K
  class space    used 13386K, committed 13696K, reserved 1048576K
}
Event: 24.457 GC heap after
{Heap after GC invocations=67 (full 0):
 garbage-first heap   total 276480K, used 94804K [0x0000000080000000, 0x0000000100000000)
  region size 1024K, 1 young (1024K), 1 survivors (1024K)
 Metaspace       used 98137K, committed 98816K, reserved 1179648K
  class space    used 13386K, committed 13696K, reserved 1048576K
}
Event: 24.872 GC heap before
{Heap before GC invocations=67 (full 0):
 garbage-first heap   total 276480K, used 217684K [0x0000000080000000, 0x0000000100000000)
  region size 1024K, 122 young (124928K), 1 survivors (1024K)
 Metaspace       used 101622K, committed 102400K, reserved 1179648K
  class space    used 13853K, committed 14208K, reserved 1048576K
}
Event: 24.880 GC heap after
{Heap after GC invocations=68 (full 0):
 garbage-first heap   total 276480K, used 110455K [0x0000000080000000, 0x0000000100000000)
  region size 1024K, 16 young (16384K), 16 survivors (16384K)
 Metaspace       used 101622K, committed 102400K, reserved 1179648K
  class space    used 13853K, committed 14208K, reserved 1048576K
}
Event: 25.231 GC heap before
{Heap before GC invocations=68 (full 0):
 garbage-first heap   total 276480K, used 203639K [0x0000000080000000, 0x0000000100000000)
  region size 1024K, 108 young (110592K), 16 survivors (16384K)
 Metaspace       used 105157K, committed 105920K, reserved 1179648K
  class space    used 14406K, committed 14784K, reserved 1048576K
}
Event: 25.248 GC heap after
{Heap after GC invocations=69 (full 0):
 garbage-first heap   total 276480K, used 124791K [0x0000000080000000, 0x0000000100000000)
  region size 1024K, 14 young (14336K), 14 survivors (14336K)
 Metaspace       used 105157K, committed 105920K, reserved 1179648K
  class space    used 14406K, committed 14784K, reserved 1048576K
}
Event: 25.528 GC heap before
{Heap before GC invocations=69 (full 0):
 garbage-first heap   total 276480K, used 208759K [0x0000000080000000, 0x0000000100000000)
  region size 1024K, 97 young (99328K), 14 survivors (14336K)
 Metaspace       used 107803K, committed 108544K, reserved 1179648K
  class space    used 14876K, committed 15232K, reserved 1048576K
}
Event: 25.548 GC heap after
{Heap after GC invocations=70 (full 0):
 garbage-first heap   total 276480K, used 139127K [0x0000000080000000, 0x0000000100000000)
  region size 1024K, 13 young (13312K), 13 survivors (13312K)
 Metaspace       used 107803K, committed 108544K, reserved 1179648K
  class space    used 14876K, committed 15232K, reserved 1048576K
}
Event: 25.639 GC heap before
{Heap before GC invocations=70 (full 0):
 garbage-first heap   total 276480K, used 213879K [0x0000000080000000, 0x0000000100000000)
  region size 1024K, 86 young (88064K), 13 survivors (13312K)
 Metaspace       used 108330K, committed 109056K, reserved 1179648K
  class space    used 14937K, committed 15296K, reserved 1048576K
}

