# JRE version: OpenJDK Runtime Environment (17.0.7) (build 17.0.7+0-b2043.56-10550314)
# Java VM: OpenJDK 64-Bit Server VM (17.0.7+0-b2043.56-10550314, mixed mode, tiered, compressed oops, compressed class ptrs, g1 gc, windows-amd64)
GC Precious Log:
 CPUs: 12 total, 12 available
 Memory: 7521M
 Large Page Support: Disabled
 NUMA Support: Disabled
 Compressed Oops: Enabled (32-bit)
 Heap Region Size: 1M
 Heap Min Capacity: 8M
 Heap Initial Capacity: 118M
 Heap Max Capacity: 2G
 Pre-touch: Disabled
 Parallel Workers: 10
 Concurrent Workers: 3
 Concurrent Refinement Workers: 10
 Periodic GC: Disabled
Heap:
 garbage-first heap   total 215040K, used 109755K [0x0000000080000000, 0x0000000100000000)
  region size 1024K, 2 young (2048K), 2 survivors (2048K)
 Metaspace       used 107067K, committed 107776K, reserved 1179648K
  class space    used 14503K, committed 14848K, reserved 1048576K
GC Heap History (20 events):
Event: 13.847 GC heap after
{Heap after GC invocations=35 (full 0):
 garbage-first heap   total 135168K, used 68134K [0x0000000080000000, 0x0000000100000000)
  region size 1024K, 1 young (1024K), 1 survivors (1024K)
 Metaspace       used 87819K, committed 88448K, reserved 1179648K
  class space    used 12075K, committed 12352K, reserved 1048576K
}
Event: 14.235 GC heap before
{Heap before GC invocations=35 (full 0):
 garbage-first heap   total 135168K, used 110118K [0x0000000080000000, 0x0000000100000000)
  region size 1024K, 42 young (43008K), 1 survivors (1024K)
 Metaspace       used 91348K, committed 92032K, reserved 1179648K
  class space    used 12539K, committed 12864K, reserved 1048576K
}
Event: 14.240 GC heap after
{Heap after GC invocations=36 (full 0):
 garbage-first heap   total 215040K, used 70830K [0x0000000080000000, 0x0000000100000000)
  region size 1024K, 4 young (4096K), 4 survivors (4096K)
 Metaspace       used 91348K, committed 92032K, reserved 1179648K
  class space    used 12539K, committed 12864K, reserved 1048576K
}
Event: 15.273 GC heap before
{Heap before GC invocations=37 (full 0):
 garbage-first heap   total 215040K, used 170158K [0x0000000080000000, 0x0000000100000000)
  region size 1024K, 97 young (99328K), 4 survivors (4096K)
 Metaspace       used 95349K, committed 96064K, reserved 1179648K
  class space    used 12990K, committed 13312K, reserved 1048576K
}
Event: 15.284 GC heap after
{Heap after GC invocations=38 (full 0):
 garbage-first heap   total 215040K, used 83532K [0x0000000080000000, 0x0000000100000000)
  region size 1024K, 13 young (13312K), 13 survivors (13312K)
 Metaspace       used 95349K, committed 96064K, reserved 1179648K
  class space    used 12990K, committed 13312K, reserved 1048576K
}
Event: 15.290 GC heap before
{Heap before GC invocations=38 (full 0):
 garbage-first heap   total 215040K, used 84556K [0x0000000080000000, 0x0000000100000000)
  region size 1024K, 14 young (14336K), 13 survivors (13312K)
 Metaspace       used 95416K, committed 96064K, reserved 1179648K
  class space    used 13012K, committed 13312K, reserved 1048576K
}
Event: 15.297 GC heap after
{Heap after GC invocations=39 (full 0):
 garbage-first heap   total 215040K, used 85154K [0x0000000080000000, 0x0000000100000000)
  region size 1024K, 2 young (2048K), 2 survivors (2048K)
 Metaspace       used 95416K, committed 96064K, reserved 1179648K
  class space    used 13012K, committed 13312K, reserved 1048576K
}
Event: 16.574 GC heap before
{Heap before GC invocations=39 (full 0):
 garbage-first heap   total 215040K, used 160930K [0x0000000080000000, 0x0000000100000000)
  region size 1024K, 75 young (76800K), 2 survivors (2048K)
 Metaspace       used 97788K, committed 98560K, reserved 1179648K
  class space    used 13377K, committed 13760K, reserved 1048576K
}
Event: 16.581 GC heap after
{Heap after GC invocations=40 (full 0):
 garbage-first heap   total 215040K, used 94533K [0x0000000080000000, 0x0000000100000000)
  region size 1024K, 10 young (10240K), 10 survivors (10240K)
 Metaspace       used 97788K, committed 98560K, reserved 1179648K
  class space    used 13377K, committed 13760K, reserved 1048576K
}
Event: 17.956 GC heap before
{Heap before GC invocations=40 (full 0):
 garbage-first heap   total 215040K, used 163141K [0x0000000080000000, 0x0000000100000000)
  region size 1024K, 69 young (70656K), 10 survivors (10240K)
 Metaspace       used 101377K, committed 102144K, reserved 1179648K
  class space    used 13818K, committed 14208K, reserved 1048576K
}
Event: 17.970 GC heap after
{Heap after GC invocations=41 (full 0):
 garbage-first heap   total 215040K, used 114037K [0x0000000080000000, 0x0000000100000000)
  region size 1024K, 10 young (10240K), 10 survivors (10240K)
 Metaspace       used 101377K, committed 102144K, reserved 1179648K
  class space    used 13818K, committed 14208K, reserved 1048576K
}
Event: 18.350 GC heap before
{Heap before GC invocations=42 (full 0):
 garbage-first heap   total 215040K, used 170357K [0x0000000080000000, 0x0000000100000000)
  region size 1024K, 58 young (59392K), 10 survivors (10240K)
 Metaspace       used 103959K, committed 104704K, reserved 1179648K
  class space    used 14114K, committed 14464K, reserved 1048576K
}
Event: 18.359 GC heap after
{Heap after GC invocations=43 (full 0):
 garbage-first heap   total 215040K, used 114212K [0x0000000080000000, 0x0000000100000000)
  region size 1024K, 4 young (4096K), 4 survivors (4096K)
 Metaspace       used 103959K, committed 104704K, reserved 1179648K
  class space    used 14114K, committed 14464K, reserved 1048576K
}
Event: 18.405 GC heap before
{Heap before GC invocations=43 (full 0):
 garbage-first heap   total 215040K, used 119332K [0x0000000080000000, 0x0000000100000000)
  region size 1024K, 10 young (10240K), 4 survivors (4096K)
 Metaspace       used 104137K, committed 104832K, reserved 1179648K
  class space    used 14132K, committed 14464K, reserved 1048576K
}
Event: 18.409 GC heap after
{Heap after GC invocations=44 (full 0):
 garbage-first heap   total 215040K, used 114027K [0x0000000080000000, 0x0000000100000000)
  region size 1024K, 1 young (1024K), 1 survivors (1024K)
 Metaspace       used 104137K, committed 104832K, reserved 1179648K
  class space    used 14132K, committed 14464K, reserved 1048576K
}
Event: 18.831 GC heap before
{Heap before GC invocations=44 (full 0):
 garbage-first heap   total 215040K, used 166251K [0x0000000080000000, 0x0000000100000000)
  region size 1024K, 53 young (54272K), 1 survivors (1024K)
 Metaspace       used 106072K, committed 106816K, reserved 1179648K
  class space    used 14366K, committed 14720K, reserved 1048576K
}
Event: 18.836 GC heap after
{Heap after GC invocations=45 (full 0):
 garbage-first heap   total 215040K, used 119516K [0x0000000080000000, 0x0000000100000000)
  region size 1024K, 7 young (7168K), 7 survivors (7168K)
 Metaspace       used 106072K, committed 106816K, reserved 1179648K
  class space    used 14366K, committed 14720K, reserved 1048576K
}
Event: 19.058 GC heap before
{Heap before GC invocations=46 (full 0):
 garbage-first heap   total 215040K, used 158428K [0x0000000080000000, 0x0000000100000000)
  region size 1024K, 56 young (57344K), 7 survivors (7168K)
 Metaspace       used 106655K, committed 107392K, reserved 1179648K
  class space    used 14440K, committed 14784K, reserved 1048576K
}
Event: 19.065 GC heap after
{Heap after GC invocations=47 (full 0):
 garbage-first heap   total 215040K, used 112434K [0x0000000080000000, 0x0000000100000000)
  region size 1024K, 4 young (4096K), 4 survivors (4096K)
 Metaspace       used 106655K, committed 107392K, reserved 1179648K
  class space    used 14440K, committed 14784K, reserved 1048576K
}
Event: 19.094 GC heap before
{Heap before GC invocations=47 (full 0):
 garbage-first heap   total 215040K, used 117554K [0x0000000080000000, 0x0000000100000000)
  region size 1024K, 10 young (10240K), 4 survivors (4096K)
 Metaspace       used 107067K, committed 107776K, reserved 1179648K
  class space    used 14503K, committed 14848K, reserved 1048576K
}

